


ARM Macro Assembler    Page 1 


    1 00000000                 AREA             |.text|, CODE, READONLY
    2 00000000         
    3 00000000         
    4 00000000         start
    5 00000000 F04F 000A       MOV              r0, #10     ; Set up parameters
                                                            
    6 00000004 F04F 0103       MOV              r1, #3
    7 00000008 4408            ADD              r0, r0, r1  ; r0 = r0 + r1
    8 0000000A         
    9 0000000A         
   10 0000000A                 END
Command Line: --debug --xref --diag_suppress=9931 --cpu=Cortex-M3 --apcs=interw
ork --depend=.\objects\main.d -o.\objects\main.o -ID:\UTF\TCC\Exercicios\RTE -I
C:\Keil_v5\ARM\PACK\ARM\CMSIS\4.5.0\CMSIS\Include -IC:\Keil_v5\ARM\PACK\Keil\LP
C1300_DFP\1.0.0\Device\Include\LPC13xx --predefine="__EVAL SETA 1" --predefine=
"__UVISION_VERSION SETA 521" --predefine="_RTE_ SETA 1" --list=.\listings\main.
lst main.s



ARM Macro Assembler    Page 1 Alphabetic symbol ordering
Relocatable symbols

.text 00000000

Symbol: .text
   Definitions
      At line 1 in file main.s
   Uses
      None
Comment: .text unused
start 00000000

Symbol: start
   Definitions
      At line 4 in file main.s
   Uses
      None
Comment: start unused
2 symbols
335 symbols in table
